0 info it worked if it ends with ok
1 verbose cli [ '/usr/local/bin/node',
1 verbose cli   '/usr/local/bin/npm',
1 verbose cli   'install',
1 verbose cli   'node-json-rpc' ]
2 info using npm@1.3.11
3 info using node@v0.10.20
4 error Failed to parse json
4 error Unexpected token /
5 error File: /home/user/projects/lp/utilites/getResponseApi/package.json
6 error Failed to parse package.json data.
6 error package.json must be actual JSON, not just JavaScript.
6 error
6 error This is not a bug in npm.
6 error Tell the package author to fix their package.json file. JSON.parse
7 error System Linux 3.13.0-46-generic
8 error command "/usr/local/bin/node" "/usr/local/bin/npm" "install" "node-json-rpc"
9 error cwd /home/user/projects/lp/utilites/getResponseApi
10 error node -v v0.10.20
11 error npm -v 1.3.11
12 error file /home/user/projects/lp/utilites/getResponseApi/package.json
13 error code EJSONPARSE
14 verbose exit [ 1, true ]
